<?xml version="1.0" encoding="UTF-8"?>
<testng-results ignored="0" total="1" passed="1" failed="0" skipped="0">
  <reporter-output>
  </reporter-output>
  <suite started-at="2024-04-03T15:45:59 IST" name="Default suite" finished-at="2024-04-03T15:47:12 IST" duration-ms="72838">
    <groups>
    </groups>
    <test started-at="2024-04-03T15:45:59 IST" name="Default test" finished-at="2024-04-03T15:47:12 IST" duration-ms="72838">
      <class name="testpkg.Micromedixtest">
        <test-method is-config="true" signature="setup()[pri:0, instance:testpkg.Micromedixtest@d86a6f]" started-at="2024-04-03T15:45:59 IST" name="setup" finished-at="2024-04-03T15:46:05 IST" duration-ms="5257" status="PASS">
          <reporter-output>
          </reporter-output>
        </test-method> <!-- setup -->
        <test-method signature="saucedemo()[pri:0, instance:testpkg.Micromedixtest@d86a6f]" started-at="2024-04-03T15:46:05 IST" name="saucedemo" finished-at="2024-04-03T15:47:12 IST" duration-ms="67521" status="PASS">
          <reporter-output>
          </reporter-output>
        </test-method> <!-- saucedemo -->
      </class> <!-- testpkg.Micromedixtest -->
    </test> <!-- Default test -->
  </suite> <!-- Default suite -->
</testng-results>
